<?xml version="1.0" encoding="UTF-8"?>
<!-- Generated by org.testng.reporters.JUnitReportReporter -->
<testsuite hostname="DESKTOP-LTPQ5DU" failures="0" tests="1" name="test.Testpgm" time="22.795" errors="0" timestamp="2023-07-24T21:30:25 IST" skipped="0">
  <testcase classname="test.Testpgm" name="test" time="22.795"/>
</testsuite> <!-- test.Testpgm -->
